<?xml version="1.0" encoding="utf-8"?>
<TestRun id="ff313cd1-6be1-4fc8-b560-c119b1e1e987" name="giova@GIOVAXNITRO 2022-12-06 09:22:35" runUser="GIOVAXNITRO\giova" xmlns="http://microsoft.com/schemas/VisualStudio/TeamTest/2010">
  <Times creation="2022-12-06T09:22:35.5222334+01:00" queuing="2022-12-06T09:22:35.5222338+01:00" start="2022-12-06T09:22:34.0259725+01:00" finish="2022-12-06T09:22:35.5339703+01:00" />
  <TestSettings name="default" id="0581324b-c00a-48da-abb2-2fa736504ae3">
    <Deployment runDeploymentRoot="giova_GIOVAXNITRO_2022-12-06_09_22_35" />
  </TestSettings>
  <Results>
    <UnitTestResult executionId="04cf78bb-c337-4515-9ec0-f8ba7777cbc8" testId="5eb6242c-541e-dde7-9fcc-5b50dcd35ff6" testName="Day03Tests.part2 with the testInput SHOULD return 70" computerName="GIOVAXNITRO" duration="00:00:00.0370476" startTime="2022-12-06T09:22:35.3610383+01:00" endTime="2022-12-06T09:22:35.3610652+01:00" testType="13cdc9d9-ddb5-4fa4-a97d-d965ccfc6d4b" outcome="Passed" testListId="8c84fa94-04c1-424b-9868-57a2d4851a1d" relativeResultsDirectory="04cf78bb-c337-4515-9ec0-f8ba7777cbc8" />
  </Results>
  <TestDefinitions>
    <UnitTest name="Day03Tests.part2 with the testInput SHOULD return 70" storage="c:\users\giova\source\repos\giovax\adventofcode\2022\bin\debug\net6.0\2022.dll" id="5eb6242c-541e-dde7-9fcc-5b50dcd35ff6">
      <Execution id="04cf78bb-c337-4515-9ec0-f8ba7777cbc8" />
      <TestMethod codeBase="c:\Users\giova\source\repos\GioVAX\AdventOfCode\2022\bin\Debug\net6.0\2022.dll" adapterTypeName="executor://xunit/VsTestRunner2/netcoreapp" className="Day03Tests" name="part2 with the testInput SHOULD return 70" />
    </UnitTest>
  </TestDefinitions>
  <TestEntries>
    <TestEntry testId="5eb6242c-541e-dde7-9fcc-5b50dcd35ff6" executionId="04cf78bb-c337-4515-9ec0-f8ba7777cbc8" testListId="8c84fa94-04c1-424b-9868-57a2d4851a1d" />
  </TestEntries>
  <TestLists>
    <TestList name="Results Not in a List" id="8c84fa94-04c1-424b-9868-57a2d4851a1d" />
    <TestList name="All Loaded Results" id="19431567-8539-422a-85d7-44ee4e166bda" />
  </TestLists>
  <ResultSummary outcome="Completed">
    <Counters total="1" executed="1" passed="1" failed="0" error="0" timeout="0" aborted="0" inconclusive="0" passedButRunAborted="0" notRunnable="0" notExecuted="0" disconnected="0" warning="0" completed="0" inProgress="0" pending="0" />
    <Output>
      <StdOut>[xUnit.net 00:00:00.00] xUnit.net VSTest Adapter v2.4.5+1caef2f33e (64-bit .NET 6.0.9)&#xD;
[xUnit.net 00:00:00.58]   Discovering: 2022&#xD;
[xUnit.net 00:00:00.62]   Discovered:  2022&#xD;
[xUnit.net 00:00:00.63]   Starting:    2022&#xD;
[xUnit.net 00:00:00.73]   Finished:    2022&#xD;
</StdOut>
    </Output>
  </ResultSummary>
</TestRun>